TN:
SF:src\app.ts
FN:1,(empty-report)
FNF:1
FNH:0
FNDA:0,(empty-report)
DA:1,0
DA:2,0
DA:3,0
DA:4,0
DA:5,0
DA:6,0
DA:7,0
DA:8,0
DA:9,0
DA:10,0
DA:11,0
LF:11
LH:0
BRDA:1,0,0,0
BRF:1
BRH:0
end_of_record
TN:
SF:src\auth.ts
FN:1,(empty-report)
FNF:1
FNH:0
FNDA:0,(empty-report)
DA:1,0
DA:2,0
DA:3,0
DA:4,0
DA:5,0
DA:6,0
DA:7,0
DA:8,0
DA:9,0
DA:10,0
DA:11,0
DA:12,0
DA:13,0
DA:14,0
DA:15,0
DA:16,0
DA:17,0
DA:18,0
DA:19,0
DA:20,0
DA:21,0
DA:22,0
DA:23,0
DA:24,0
DA:25,0
DA:26,0
DA:27,0
DA:28,0
DA:29,0
DA:30,0
DA:31,0
DA:32,0
DA:33,0
DA:34,0
DA:35,0
DA:36,0
DA:37,0
DA:38,0
DA:39,0
DA:40,0
DA:41,0
DA:42,0
DA:43,0
DA:44,0
DA:45,0
DA:46,0
DA:47,0
DA:48,0
DA:49,0
DA:50,0
DA:51,0
DA:52,0
DA:53,0
DA:54,0
DA:55,0
DA:56,0
DA:57,0
DA:58,0
DA:59,0
DA:60,0
DA:61,0
DA:62,0
LF:62
LH:0
BRDA:1,0,0,0
BRF:1
BRH:0
end_of_record
TN:
SF:src\db.ts
FNF:0
FNH:0
DA:1,1
DA:2,1
DA:3,1
DA:4,1
DA:5,1
DA:6,1
DA:7,1
DA:8,1
DA:9,1
DA:10,1
DA:11,1
DA:12,1
DA:13,1
DA:14,1
LF:14
LH:14
BRF:0
BRH:0
end_of_record
TN:
SF:src\server.ts
FN:1,(empty-report)
FNF:1
FNH:0
FNDA:0,(empty-report)
DA:1,0
DA:2,0
DA:3,0
DA:4,0
DA:5,0
DA:6,0
DA:7,0
DA:8,0
DA:9,0
DA:10,0
DA:11,0
DA:12,0
DA:13,0
DA:14,0
DA:15,0
DA:16,0
DA:17,0
DA:18,0
DA:19,0
LF:19
LH:0
BRDA:1,0,0,0
BRF:1
BRH:0
end_of_record
TN:
SF:src\controller\comments.ts
FN:6,getAllComments
FN:23,getAllUserComments
FN:46,getCommentsOfTask
FN:68,addComment
FN:101,deleteComment
FN:118,setComment
FNF:6
FNH:6
FNDA:3,getAllComments
FNDA:4,getAllUserComments
FNDA:4,getCommentsOfTask
FNDA:6,addComment
FNDA:3,deleteComment
FNDA:5,setComment
DA:1,1
DA:2,1
DA:3,1
DA:4,1
DA:5,1
DA:6,3
DA:7,3
DA:8,3
DA:9,3
DA:10,1
DA:11,1
DA:12,1
DA:13,1
DA:14,1
DA:15,1
DA:16,1
DA:17,1
DA:18,1
DA:19,1
DA:20,1
DA:21,3
DA:22,1
DA:23,4
DA:24,4
DA:25,4
DA:26,4
DA:27,1
DA:28,1
DA:29,1
DA:30,3
DA:31,3
DA:32,4
DA:33,1
DA:34,1
DA:35,1
DA:36,1
DA:37,1
DA:38,1
DA:39,1
DA:40,1
DA:41,1
DA:42,1
DA:43,1
DA:44,4
DA:45,1
DA:46,4
DA:47,4
DA:48,4
DA:49,4
DA:50,1
DA:51,1
DA:52,1
DA:53,3
DA:54,3
DA:55,4
DA:56,1
DA:57,1
DA:58,1
DA:59,1
DA:60,1
DA:61,1
DA:62,1
DA:63,1
DA:64,1
DA:65,1
DA:66,4
DA:67,1
DA:68,6
DA:69,6
DA:70,6
DA:71,6
DA:72,1
DA:73,1
DA:74,1
DA:75,5
DA:76,5
DA:77,6
DA:78,4
DA:79,4
DA:80,6
DA:81,3
DA:82,3
DA:83,6
DA:84,1
DA:85,1
DA:86,1
DA:87,2
DA:88,2
DA:89,2
DA:90,2
DA:91,2
DA:92,1
DA:93,1
DA:94,1
DA:95,1
DA:96,1
DA:97,1
DA:98,1
DA:99,6
DA:100,1
DA:101,3
DA:102,3
DA:103,3
DA:104,3
DA:105,1
DA:106,1
DA:107,1
DA:108,2
DA:109,2
DA:110,1
DA:111,1
DA:112,1
DA:113,1
DA:114,1
DA:115,1
DA:116,3
DA:117,1
DA:118,5
DA:119,5
DA:120,5
DA:121,5
DA:122,1
DA:123,1
DA:124,1
DA:125,4
DA:126,4
DA:127,5
DA:128,1
DA:129,1
DA:130,3
DA:131,3
DA:132,3
DA:133,3
DA:134,3
DA:135,2
DA:136,5
DA:137,1
DA:138,1
DA:139,1
DA:140,1
DA:141,1
DA:142,1
DA:143,1
DA:144,5
DA:145,1
DA:146,1
DA:147,1
DA:148,1
DA:149,1
DA:150,1
DA:151,1
DA:152,1
DA:153,1
LF:153
LH:153
BRDA:6,0,0,3
BRDA:9,1,0,2
BRDA:9,2,0,1
BRDA:9,3,0,1
BRDA:23,4,0,4
BRDA:26,5,0,1
BRDA:30,6,0,3
BRDA:32,7,0,2
BRDA:32,8,0,1
BRDA:32,9,0,1
BRDA:46,10,0,4
BRDA:49,11,0,1
BRDA:53,12,0,3
BRDA:55,13,0,2
BRDA:55,14,0,1
BRDA:55,15,0,1
BRDA:68,16,0,6
BRDA:71,17,0,1
BRDA:75,18,0,5
BRDA:77,19,0,1
BRDA:78,20,0,4
BRDA:80,21,0,1
BRDA:81,22,0,3
BRDA:83,23,0,1
BRDA:87,24,0,2
BRDA:92,25,0,1
BRDA:101,26,0,3
BRDA:104,27,0,1
BRDA:108,28,0,2
BRDA:110,29,0,1
BRDA:118,30,0,5
BRDA:121,31,0,1
BRDA:125,32,0,4
BRDA:127,33,0,1
BRDA:130,34,0,3
BRDA:135,35,0,2
BRDA:136,36,0,1
BRF:37
BRH:37
end_of_record
TN:
SF:src\controller\task.ts
FN:6,getTasks
FN:24,getUserTasks
FN:48,getTaskComments
FN:67,getTask
FN:88,addTask
FN:114,setTask
FN:141,deleteTask
FNF:7
FNH:7
FNDA:3,getTasks
FNDA:4,getUserTasks
FNDA:4,getTaskComments
FNDA:4,getTask
FNDA:5,addTask
FNDA:5,setTask
FNDA:3,deleteTask
DA:1,1
DA:2,1
DA:3,1
DA:4,1
DA:5,1
DA:6,3
DA:7,3
DA:8,3
DA:9,3
DA:10,1
DA:11,1
DA:12,1
DA:13,1
DA:14,1
DA:15,1
DA:16,1
DA:17,1
DA:18,1
DA:19,1
DA:20,1
DA:21,1
DA:22,3
DA:23,1
DA:24,4
DA:25,4
DA:26,4
DA:27,4
DA:28,1
DA:29,1
DA:30,1
DA:31,3
DA:32,3
DA:33,4
DA:34,1
DA:35,1
DA:36,1
DA:37,1
DA:38,1
DA:39,1
DA:40,1
DA:41,1
DA:42,1
DA:43,1
DA:44,1
DA:45,1
DA:46,4
DA:47,1
DA:48,4
DA:49,4
DA:50,4
DA:51,4
DA:52,1
DA:53,1
DA:54,1
DA:55,3
DA:56,3
DA:57,4
DA:58,1
DA:59,1
DA:60,1
DA:61,1
DA:62,1
DA:63,1
DA:64,1
DA:65,4
DA:66,1
DA:67,4
DA:68,4
DA:69,4
DA:70,4
DA:71,1
DA:72,1
DA:73,1
DA:74,3
DA:75,3
DA:76,2
DA:77,4
DA:78,1
DA:79,1
DA:80,1
DA:81,1
DA:82,4
DA:83,1
DA:84,1
DA:85,1
DA:86,4
DA:87,1
DA:88,5
DA:89,5
DA:90,5
DA:91,5
DA:92,4
DA:93,4
DA:94,5
DA:95,3
DA:96,3
DA:97,5
DA:98,1
DA:99,1
DA:100,1
DA:101,2
DA:102,2
DA:103,2
DA:104,2
DA:105,2
DA:106,1
DA:107,1
DA:108,1
DA:109,1
DA:110,1
DA:111,1
DA:112,5
DA:113,1
DA:114,5
DA:115,5
DA:116,5
DA:117,5
DA:118,1
DA:119,1
DA:120,1
DA:121,4
DA:122,4
DA:123,5
DA:124,1
DA:125,1
DA:126,1
DA:127,3
DA:128,3
DA:129,2
DA:130,5
DA:131,1
DA:132,1
DA:133,1
DA:134,1
DA:135,1
DA:136,1
DA:137,1
DA:138,1
DA:139,5
DA:140,1
DA:141,3
DA:142,3
DA:143,3
DA:144,3
DA:145,1
DA:146,1
DA:147,1
DA:148,2
DA:149,2
DA:150,1
DA:151,1
DA:152,1
DA:153,1
DA:154,1
DA:155,1
DA:156,3
DA:157,1
DA:158,1
DA:159,1
DA:160,1
DA:161,1
DA:162,1
DA:163,1
DA:164,1
DA:165,1
DA:166,1
LF:166
LH:166
BRDA:6,0,0,3
BRDA:9,1,0,2
BRDA:9,2,0,1
BRDA:24,3,0,4
BRDA:27,4,0,1
BRDA:31,5,0,3
BRDA:33,6,0,2
BRDA:33,7,0,1
BRDA:48,8,0,4
BRDA:51,9,0,1
BRDA:55,10,0,3
BRDA:57,11,0,2
BRDA:57,12,0,1
BRDA:67,13,0,4
BRDA:70,14,0,1
BRDA:74,15,0,3
BRDA:76,16,0,2
BRDA:77,17,0,1
BRDA:82,18,0,1
BRDA:88,19,0,5
BRDA:91,20,0,1
BRDA:92,21,0,4
BRDA:94,22,0,1
BRDA:95,23,0,3
BRDA:97,24,0,1
BRDA:101,25,0,2
BRDA:106,26,0,1
BRDA:114,27,0,5
BRDA:117,28,0,1
BRDA:121,29,0,4
BRDA:123,30,0,1
BRDA:127,31,0,3
BRDA:129,32,0,2
BRDA:130,33,0,1
BRDA:141,34,0,3
BRDA:144,35,0,1
BRDA:148,36,0,2
BRDA:150,37,0,1
BRF:38
BRH:38
end_of_record
TN:
SF:src\model\association.ts
FN:1,(empty-report)
FNF:1
FNH:0
FNDA:0,(empty-report)
DA:1,0
DA:2,0
DA:3,0
DA:4,0
DA:5,0
DA:6,0
DA:7,0
DA:8,0
DA:9,0
DA:10,0
DA:11,0
LF:11
LH:0
BRDA:1,0,0,0
BRF:1
BRH:0
end_of_record
TN:
SF:src\model\comments\comments.ts
FN:1,(empty-report)
FNF:1
FNH:0
FNDA:0,(empty-report)
DA:1,0
DA:2,0
DA:3,0
DA:4,0
DA:5,0
DA:6,0
DA:7,0
DA:8,0
LF:8
LH:0
BRDA:1,0,0,0
BRF:1
BRH:0
end_of_record
TN:
SF:src\model\comments\commentsModel.ts
FNF:0
FNH:0
DA:1,1
DA:2,1
DA:3,1
DA:4,1
DA:5,1
DA:6,1
DA:7,1
DA:8,1
DA:9,1
DA:10,1
DA:11,1
DA:12,1
DA:13,1
DA:14,1
DA:15,1
DA:16,1
DA:17,1
DA:18,1
DA:19,1
DA:20,1
DA:21,1
DA:22,1
DA:23,1
DA:24,1
DA:25,1
DA:26,1
DA:27,1
DA:28,1
DA:29,1
DA:30,1
DA:31,1
DA:32,1
DA:33,1
DA:34,1
DA:35,1
DA:36,1
DA:37,1
DA:38,1
DA:39,1
DA:40,1
LF:40
LH:40
BRF:0
BRH:0
end_of_record
TN:
SF:src\model\comments\commentsRepository.ts
FN:6,findAll
FN:11,findByUser
FN:16,findAllbyTask
FN:23,addComment
FN:32,setComment
FN:47,deleteComment
FNF:6
FNH:0
FNDA:0,findAll
FNDA:0,findByUser
FNDA:0,findAllbyTask
FNDA:0,addComment
FNDA:0,setComment
FNDA:0,deleteComment
DA:1,1
DA:2,1
DA:3,1
DA:4,1
DA:5,1
DA:6,0
DA:7,0
DA:8,0
DA:9,0
DA:10,1
DA:11,0
DA:12,0
DA:13,0
DA:14,0
DA:15,1
DA:16,0
DA:17,0
DA:18,0
DA:19,0
DA:20,0
DA:21,0
DA:22,1
DA:23,0
DA:24,0
DA:25,0
DA:26,0
DA:27,0
DA:28,0
DA:29,0
DA:30,0
DA:31,0
DA:32,0
DA:33,0
DA:34,0
DA:35,0
DA:36,0
DA:37,0
DA:38,0
DA:39,0
DA:40,0
DA:41,0
DA:42,0
DA:43,0
DA:44,0
DA:45,0
DA:46,1
DA:47,0
DA:48,0
DA:49,0
DA:50,1
DA:51,1
DA:52,1
DA:53,1
DA:54,1
DA:55,1
DA:56,1
DA:57,1
LF:57
LH:17
BRF:0
BRH:0
end_of_record
TN:
SF:src\model\comments\commentsSchema.ts
FN:1,(empty-report)
FNF:1
FNH:0
FNDA:0,(empty-report)
DA:1,0
DA:2,0
DA:3,0
DA:4,0
DA:5,0
DA:6,0
DA:7,0
DA:8,0
LF:8
LH:0
BRDA:1,0,0,0
BRF:1
BRH:0
end_of_record
TN:
SF:src\model\task\task.ts
FN:1,(empty-report)
FNF:1
FNH:0
FNDA:0,(empty-report)
DA:1,0
DA:2,0
DA:3,0
DA:4,0
DA:5,0
DA:6,0
DA:7,0
DA:8,0
DA:9,0
LF:9
LH:0
BRDA:1,0,0,0
BRF:1
BRH:0
end_of_record
TN:
SF:src\model\task\taskModel.ts
FNF:0
FNH:0
DA:1,1
DA:2,1
DA:3,1
DA:4,1
DA:5,1
DA:6,1
DA:7,1
DA:8,1
DA:9,1
DA:10,1
DA:11,1
DA:12,1
DA:13,1
DA:14,1
DA:15,1
DA:16,1
DA:17,1
DA:18,1
DA:19,1
DA:20,1
DA:21,1
DA:22,1
DA:23,1
DA:24,1
DA:25,1
DA:26,1
DA:27,1
DA:28,1
DA:29,1
DA:30,1
DA:31,1
DA:32,1
DA:33,1
DA:34,1
DA:35,1
DA:36,1
DA:37,1
DA:38,1
LF:38
LH:38
BRF:0
BRH:0
end_of_record
TN:
SF:src\model\task\taskRepository.ts
FN:6,findAll
FN:11,findByUser
FN:16,findByTask
FN:23,findById
FN:29,create
FN:34,set
FN:50,deleteById
FNF:7
FNH:0
FNDA:0,findAll
FNDA:0,findByUser
FNDA:0,findByTask
FNDA:0,findById
FNDA:0,create
FNDA:0,set
FNDA:0,deleteById
DA:1,1
DA:2,1
DA:3,1
DA:4,1
DA:5,1
DA:6,0
DA:7,0
DA:8,0
DA:9,0
DA:10,1
DA:11,0
DA:12,0
DA:13,0
DA:14,0
DA:15,1
DA:16,0
DA:17,0
DA:18,0
DA:19,0
DA:20,0
DA:21,0
DA:22,1
DA:23,0
DA:24,0
DA:25,0
DA:26,0
DA:27,0
DA:28,1
DA:29,0
DA:30,0
DA:31,0
DA:32,0
DA:33,1
DA:34,0
DA:35,0
DA:36,0
DA:37,0
DA:38,0
DA:39,0
DA:40,0
DA:41,0
DA:42,0
DA:43,0
DA:44,0
DA:45,0
DA:46,0
DA:47,0
DA:48,0
DA:49,1
DA:50,0
DA:51,0
DA:52,0
DA:53,1
DA:54,1
LF:54
LH:13
BRF:0
BRH:0
end_of_record
TN:
SF:src\model\task\taskSchema.ts
FN:1,(empty-report)
FNF:1
FNH:0
FNDA:0,(empty-report)
DA:1,0
DA:2,0
DA:3,0
DA:4,0
DA:5,0
DA:6,0
DA:7,0
DA:8,0
LF:8
LH:0
BRDA:1,0,0,0
BRF:1
BRH:0
end_of_record
TN:
SF:src\routes\middleware.ts
FN:1,(empty-report)
FNF:1
FNH:0
FNDA:0,(empty-report)
DA:1,0
DA:2,0
DA:3,0
DA:4,0
DA:5,0
DA:6,0
DA:7,0
DA:8,0
DA:9,0
DA:10,0
DA:11,0
DA:12,0
DA:13,0
DA:14,0
DA:15,0
DA:16,0
DA:17,0
DA:18,0
LF:18
LH:0
BRDA:1,0,0,0
BRF:1
BRH:0
end_of_record
TN:
SF:src\routes\task.ts
FN:1,(empty-report)
FNF:1
FNH:0
FNDA:0,(empty-report)
DA:1,0
DA:2,0
DA:3,0
DA:4,0
DA:5,0
DA:6,0
DA:7,0
DA:8,0
DA:9,0
DA:10,0
DA:11,0
DA:12,0
DA:13,0
DA:14,0
DA:15,0
DA:16,0
DA:17,0
DA:18,0
DA:19,0
DA:20,0
DA:21,0
DA:22,0
DA:23,0
DA:24,0
DA:25,0
DA:26,0
DA:27,0
DA:28,0
DA:29,0
DA:30,0
DA:31,0
DA:32,0
DA:33,0
DA:34,0
DA:35,0
DA:36,0
LF:36
LH:0
BRDA:1,0,0,0
BRF:1
BRH:0
end_of_record
